Build started 17-04-2016 15:10:50.
     1>Project "C:\Users\Kodanda Rama\MissionRnDProjects\rndmocktest2\spec\spec.vcxproj" on node 3 (Build target(s)).
     1>ClCompile:
         C:\Program Files (x86)\Microsoft Visual Studio 12.0\VC\bin\CL.exe /c /AI"C:\Program Files (x86)\Reference Assemblies\Microsoft\Framework\.NETFramework\v4.0" /AI"C:\Program Files (x86)\Windows Kits\8.1\References\CommonConfiguration\Neutral" /Zi /clr /nologo /W3 /WX- /Od /Oy- /D WIN32 /D _DEBUG /D _WINDLL /D _UNICODE /D UNICODE /EHa /MD /GS /fp:precise /Zc:wchar_t /Zc:forScope /Yu"stdafx.h" /Fp"Debug\spec.pch" /Fo"Debug\\" /Fd"Debug\vc120.pdb" /TP /FU"C:\Program Files (x86)\Microsoft Visual Studio 12.0\Common7\IDE\PublicAssemblies\Microsoft.VisualStudio.QualityTools.UnitTestFramework.dll" /FU"C:\Program Files (x86)\Reference Assemblies\Microsoft\Framework\.NETFramework\v4.0\mscorlib.dll" /FU"C:\Program Files (x86)\Reference Assemblies\Microsoft\Framework\.NETFramework\v4.0\System.Data.dll" /FU"C:\Program Files (x86)\Reference Assemblies\Microsoft\Framework\.NETFramework\v4.0\System.dll" /FU"C:\Program Files (x86)\Reference Assemblies\Microsoft\Framework\.NETFramework\v4.0\System.Xml.dll" /analyze- /errorReport:prompt /clr:nostdlib MangoCollectorSpec.cpp
         MangoCollectorSpec.cpp
     1>MangoCollectorSpec.cpp(3): warning C4067: unexpected tokens following preprocessor directive - expected a newline
     1>MangoCollectorSpec.cpp(4): warning C4067: unexpected tokens following preprocessor directive - expected a newline
     1>c:\users\kodanda rama\missionrndprojects\rndmocktest2\spec\./../src/MangoCollector.cpp(111): error C2065: 'K' : undeclared identifier
     1>c:\users\kodanda rama\missionrndprojects\rndmocktest2\spec\./../src/MangoCollector.cpp(111): error C2065: 'rightpah' : undeclared identifier
     1>c:\users\kodanda rama\missionrndprojects\rndmocktest2\spec\./../src/MangoCollector.cpp(116): error C2065: 'leftDistance' : undeclared identifier
     1>c:\users\kodanda rama\missionrndprojects\rndmocktest2\spec\./../src/MangoCollector.cpp(116): error C2065: 'rightDistance' : undeclared identifier
     1>c:\users\kodanda rama\missionrndprojects\rndmocktest2\spec\./../src/MangoCollector.cpp(116): error C3861: 'min': identifier not found
     1>c:\users\kodanda rama\missionrndprojects\rndmocktest2\spec\./../src/MangoCollector.cpp(132): error C2065: 'root' : undeclared identifier
     1>c:\users\kodanda rama\missionrndprojects\rndmocktest2\spec\./../src/MangoCollector.cpp(132): error C3861: 'get_closest_leaf_distance': identifier not found
     1>c:\users\kodanda rama\missionrndprojects\rndmocktest2\spec\./../src/MangoCollector.cpp(137): error C3861: 'min': identifier not found
     1>c:\users\kodanda rama\missionrndprojects\rndmocktest2\spec\./../src/MangoCollector.cpp(142): error C2440: 'return' : cannot convert from 'int **' to 'int'
                 There is no context in which this conversion is possible
     1>Done Building Project "C:\Users\Kodanda Rama\MissionRnDProjects\rndmocktest2\spec\spec.vcxproj" (Build target(s)) -- FAILED.

Build FAILED.

Time Elapsed 00:00:00.42
